<?xml version="1.0" encoding="UTF-8"?>
<!-- Generated by org.testng.reporters.JUnitReportReporter -->
<testsuite hostname="DESKTOP-F486645" failures="0" tests="3" name="A_PRACTICES.mytest" time="0.029" errors="0" timestamp="2025-06-23T18:29:05 IST" skipped="0">
  <testcase classname="A_PRACTICES.mytest" name="test" time="0.004"/>
  <system-out/>
  <testcase classname="A_PRACTICES.mytest" name="test" time="0.025"/>
  <system-out/>
  <testcase classname="A_PRACTICES.mytest" name="test" time="0.000"/>
  <system-out/>
</testsuite> <!-- A_PRACTICES.mytest -->
