<?xml version="1.0" encoding="UTF-8"?>
<!-- Generated by org.testng.reporters.JUnitReportReporter -->
<testsuite hostname="DESKTOP-F486645" failures="0" tests="3" name="DataProviderTest.facebook_test" time="19.030" errors="0" timestamp="2025-11-14T11:05:20 IST" skipped="0">
  <testcase classname="DataProviderTest.facebook_test" name="enter_date" time="10.873"/>
  <system-out/>
  <testcase classname="DataProviderTest.facebook_test" name="enter_date" time="4.002"/>
  <system-out/>
  <testcase classname="DataProviderTest.facebook_test" name="enter_date" time="4.155"/>
  <system-out/>
</testsuite> <!-- DataProviderTest.facebook_test -->
