<?xml version="1.0" encoding="UTF-8"?>
<!-- Generated by org.testng.reporters.JUnitReportReporter -->
<testsuite hostname="DESKTOP-F486645" failures="0" tests="3" name="A_PRACTICES.skipExecption" time="0.042" errors="0" timestamp="2025-01-13T12:21:08 IST" skipped="2">
  <testcase classname="A_PRACTICES.skipExecption" name="test1" time="0.038"/>
  <system-out/>
  <testcase classname="A_PRACTICES.skipExecption" name="test2" time="0.004">
    <skipped/>
  </testcase> <!-- test2 -->
  <system-out/>
  <testcase classname="A_PRACTICES.skipExecption" name="test3">
    <skipped/>
  </testcase> <!-- test3 -->
  <system-out/>
</testsuite> <!-- A_PRACTICES.skipExecption -->
