<?xml version="1.0" encoding="UTF-8"?>
<!-- Generated by org.testng.reporters.JUnitReportReporter -->
<testsuite hostname="DESKTOP-F486645" failures="0" tests="3" name="DataProviderTest.SetTest" time="0.033" errors="0" timestamp="2025-06-23T10:45:30 IST" skipped="0">
  <testcase classname="DataProviderTest.SetTest" name="test" time="0.027"/>
  <system-out/>
  <testcase classname="DataProviderTest.SetTest" name="test" time="0.003"/>
  <system-out/>
  <testcase classname="DataProviderTest.SetTest" name="test" time="0.003"/>
  <system-out/>
</testsuite> <!-- DataProviderTest.SetTest -->
