<?xml version="1.0" encoding="UTF-8"?>
<!-- Generated by org.testng.reporters.JUnitReportReporter -->
<testsuite hostname="DESKTOP-F486645" failures="0" tests="3" name="DataProviderTest.DataProviderAnnotation" time="0.013" errors="0" timestamp="2025-09-05T15:36:47 IST" skipped="0">
  <testcase classname="DataProviderTest.DataProviderAnnotation" name="detials" time="0.011"/>
  <system-out/>
  <testcase classname="DataProviderTest.DataProviderAnnotation" name="detials" time="0.001"/>
  <system-out/>
  <testcase classname="DataProviderTest.DataProviderAnnotation" name="detials" time="0.001"/>
  <system-out/>
</testsuite> <!-- DataProviderTest.DataProviderAnnotation -->
