<?xml version="1.0" encoding="UTF-8"?>
<!-- Generated by org.testng.reporters.JUnitReportReporter -->
<testsuite hostname="DESKTOP-F486645" failures="0" tests="3" name="DataProviderTest.MyTest" time="0.030" errors="0" timestamp="2025-06-17T15:01:37 IST" skipped="0">
  <testcase classname="DataProviderTest.MyTest" name="browser" time="0.025"/>
  <system-out/>
  <testcase classname="DataProviderTest.MyTest" name="browser" time="0.003"/>
  <system-out/>
  <testcase classname="DataProviderTest.MyTest" name="browser" time="0.002"/>
  <system-out/>
</testsuite> <!-- DataProviderTest.MyTest -->
