<?xml version="1.0" encoding="UTF-8"?>
<!-- Generated by org.testng.reporters.JUnitReportReporter -->
<testsuite hostname="DESKTOP-F486645" failures="0" tests="4" name="TestNGbasicpractice.TestNG_Structer" time="0.045" errors="0" timestamp="2024-12-20T11:45:55 IST" skipped="0">
  <testcase classname="TestNGbasicpractice.TestNG_Structer" name="test1" time="0.021"/>
  <system-out/>
  <testcase classname="TestNGbasicpractice.TestNG_Structer" name="test2" time="0.008"/>
  <system-out/>
  <testcase classname="TestNGbasicpractice.TestNG_Structer" name="test3" time="0.008"/>
  <system-out/>
  <testcase classname="TestNGbasicpractice.TestNG_Structer" name="test4" time="0.008"/>
  <system-out/>
</testsuite> <!-- TestNGbasicpractice.TestNG_Structer -->
