<?xml version="1.0" encoding="UTF-8"?>
<!-- Generated by org.testng.reporters.JUnitReportReporter -->
<testsuite hostname="DESKTOP-F486645" failures="0" tests="4" name="Data_Parameterization.With_Suite_File" time="0.051" errors="0" timestamp="2025-09-05T15:11:49 IST" skipped="0">
  <testcase classname="Data_Parameterization.With_Suite_File" name="datapar" time="0.004"/>
  <system-out/>
  <testcase classname="Data_Parameterization.With_Suite_File" name="datapar" time="0.041"/>
  <system-out/>
  <testcase classname="Data_Parameterization.With_Suite_File" name="datapar" time="0.002"/>
  <system-out/>
  <testcase classname="Data_Parameterization.With_Suite_File" name="datapar" time="0.004"/>
  <system-out/>
</testsuite> <!-- Data_Parameterization.With_Suite_File -->
