<?xml version="1.0" encoding="UTF-8"?>
<!-- Generated by org.testng.reporters.JUnitReportReporter -->
<testsuite hostname="DESKTOP-F486645" failures="0" tests="3" name="DataProviderTest.dataannotaton" time="0.035" errors="0" timestamp="2025-06-23T10:47:55 IST" skipped="0">
  <testcase classname="DataProviderTest.dataannotaton" name="details" time="0.031"/>
  <system-out/>
  <testcase classname="DataProviderTest.dataannotaton" name="details" time="0.002"/>
  <system-out/>
  <testcase classname="DataProviderTest.dataannotaton" name="details" time="0.002"/>
  <system-out/>
</testsuite> <!-- DataProviderTest.dataannotaton -->
