<?xml version="1.0" encoding="UTF-8"?>
<!-- Generated by org.testng.reporters.JUnitReportReporter -->
<testsuite hostname="DESKTOP-F486645" failures="0" tests="3" name="A_PRACTICES.Mytet" time="0.054" errors="0" timestamp="2025-07-08T11:18:23 IST" skipped="0">
  <testcase classname="A_PRACTICES.Mytet" name="brower" time="0.043"/>
  <system-out/>
  <testcase classname="A_PRACTICES.Mytet" name="brower" time="0.006"/>
  <system-out/>
  <testcase classname="A_PRACTICES.Mytet" name="brower" time="0.005"/>
  <system-out/>
</testsuite> <!-- A_PRACTICES.Mytet -->
