<?xml version="1.0" encoding="UTF-8"?>
<!-- Generated by org.testng.reporters.JUnitReportReporter -->
<testsuite hostname="DESKTOP-F486645" failures="0" tests="3" name="A_PRACTICES.Cross_Browser_Testing" time="12.070" errors="0" timestamp="2024-12-19T17:57:11 IST" skipped="0">
  <testcase classname="A_PRACTICES.Cross_Browser_Testing" name="cross_test" time="2.573"/>
  <system-out/>
  <testcase classname="A_PRACTICES.Cross_Browser_Testing" name="cross_test" time="4.150"/>
  <system-out/>
  <testcase classname="A_PRACTICES.Cross_Browser_Testing" name="cross_test" time="5.347"/>
  <system-out/>
</testsuite> <!-- A_PRACTICES.Cross_Browser_Testing -->
