<?xml version="1.0" encoding="UTF-8"?>
<!-- Generated by org.testng.reporters.JUnitReportReporter -->
<testsuite hostname="DESKTOP-F486645" failures="0" tests="12" name="A_PRACTICES.Same_TestScript_MultipleTimes" time="0.098" errors="0" timestamp="2024-12-19T17:12:32 IST" skipped="0">
  <testcase classname="A_PRACTICES.Same_TestScript_MultipleTimes" name="test2" time="0.003"/>
  <system-out/>
  <testcase classname="A_PRACTICES.Same_TestScript_MultipleTimes" name="test3" time="0.003"/>
  <system-out/>
  <testcase classname="A_PRACTICES.Same_TestScript_MultipleTimes" name="test2" time="0.004"/>
  <system-out/>
  <testcase classname="A_PRACTICES.Same_TestScript_MultipleTimes" name="test2" time="0.004"/>
  <system-out/>
  <testcase classname="A_PRACTICES.Same_TestScript_MultipleTimes" name="test1" time="0.062"/>
  <system-out/>
  <testcase classname="A_PRACTICES.Same_TestScript_MultipleTimes" name="test2" time="0.004"/>
  <system-out/>
  <testcase classname="A_PRACTICES.Same_TestScript_MultipleTimes" name="test3" time="0.002"/>
  <system-out/>
  <testcase classname="A_PRACTICES.Same_TestScript_MultipleTimes" name="test3" time="0.004"/>
  <system-out/>
  <testcase classname="A_PRACTICES.Same_TestScript_MultipleTimes" name="test1" time="0.004"/>
  <system-out/>
  <testcase classname="A_PRACTICES.Same_TestScript_MultipleTimes" name="test3" time="0.003"/>
  <system-out/>
  <testcase classname="A_PRACTICES.Same_TestScript_MultipleTimes" name="test3" time="0.002"/>
  <system-out/>
  <testcase classname="A_PRACTICES.Same_TestScript_MultipleTimes" name="test1" time="0.003"/>
  <system-out/>
</testsuite> <!-- A_PRACTICES.Same_TestScript_MultipleTimes -->
