<?xml version="1.0" encoding="UTF-8"?>
<!-- Generated by org.testng.reporters.JUnitReportReporter -->
<testsuite hostname="DESKTOP-F486645" failures="0" tests="5" name="A_PRACTICES.testcase" time="0.052" errors="0" timestamp="2025-06-23T11:03:37 IST" skipped="0">
  <testcase classname="A_PRACTICES.testcase" name="a" time="0.036"/>
  <system-out/>
  <testcase classname="A_PRACTICES.testcase" name="e" time="0.004"/>
  <system-out/>
  <testcase classname="A_PRACTICES.testcase" name="c" time="0.004"/>
  <system-out/>
  <testcase classname="A_PRACTICES.testcase" name="d" time="0.004"/>
  <system-out/>
  <testcase classname="A_PRACTICES.testcase" name="b" time="0.004"/>
  <system-out/>
</testsuite> <!-- A_PRACTICES.testcase -->
