<?xml version="1.0" encoding="UTF-8"?>
<!-- Generated by org.testng.reporters.JUnitReportReporter -->
<testsuite hostname="DESKTOP-F486645" failures="0" tests="3" name="A_PRACTICES.datapovid" time="0.028" errors="0" timestamp="2025-06-23T11:57:59 IST" skipped="0">
  <testcase classname="A_PRACTICES.datapovid" name="details" time="0.024"/>
  <system-out/>
  <testcase classname="A_PRACTICES.datapovid" name="details" time="0.001"/>
  <system-out/>
  <testcase classname="A_PRACTICES.datapovid" name="details" time="0.003"/>
  <system-out/>
</testsuite> <!-- A_PRACTICES.datapovid -->
