<?xml version="1.0" encoding="UTF-8"?>
<!-- Generated by org.testng.reporters.JUnitReportReporter -->
<testsuite hostname="DESKTOP-F486645" failures="0" tests="2" name="A_PRACTICES.Paremterization" time="18.635" errors="0" timestamp="2025-06-11T11:51:21 IST" skipped="0">
  <testcase classname="A_PRACTICES.Paremterization" name="check" time="12.639"/>
  <system-out/>
  <testcase classname="A_PRACTICES.Paremterization" name="check" time="5.996"/>
  <system-out/>
</testsuite> <!-- A_PRACTICES.Paremterization -->
