<?xml version="1.0" encoding="UTF-8"?>
<!-- Generated by org.testng.reporters.JUnitReportReporter -->
<testsuite hostname="DESKTOP-F486645" failures="0" tests="3" name="A_PRACTICES.dataprovider" time="0.076" errors="0" timestamp="2025-07-08T11:06:03 IST" skipped="0">
  <testcase classname="A_PRACTICES.dataprovider" name="details" time="0.062"/>
  <system-out/>
  <testcase classname="A_PRACTICES.dataprovider" name="details" time="0.007"/>
  <system-out/>
  <testcase classname="A_PRACTICES.dataprovider" name="details" time="0.007"/>
  <system-out/>
</testsuite> <!-- A_PRACTICES.dataprovider -->
