<?xml version="1.0" encoding="UTF-8"?>
<!-- Generated by org.testng.reporters.JUnitReportReporter -->
<testsuite hostname="DESKTOP-F486645" failures="0" tests="3" name="A_PRACTICES.dataproivder" time="0.071" errors="0" timestamp="2025-06-23T18:20:19 IST" skipped="0">
  <testcase classname="A_PRACTICES.dataproivder" name="details" time="0.064"/>
  <system-out/>
  <testcase classname="A_PRACTICES.dataproivder" name="details" time="0.004"/>
  <system-out/>
  <testcase classname="A_PRACTICES.dataproivder" name="details" time="0.003"/>
  <system-out/>
</testsuite> <!-- A_PRACTICES.dataproivder -->
