<?xml version="1.0" encoding="UTF-8"?>
<!-- Generated by org.testng.reporters.JUnitReportReporter -->
<testsuite hostname="DESKTOP-F486645" failures="0" tests="3" name="A_PRACTICES.my_test" time="0.014" errors="0" timestamp="2025-07-02T10:10:11 IST" skipped="0">
  <testcase classname="A_PRACTICES.my_test" name="test" time="0.012"/>
  <system-out/>
  <testcase classname="A_PRACTICES.my_test" name="test" time="0.001"/>
  <system-out/>
  <testcase classname="A_PRACTICES.my_test" name="test" time="0.001"/>
  <system-out/>
</testsuite> <!-- A_PRACTICES.my_test -->
