<?xml version="1.0" encoding="UTF-8"?>
<!-- Generated by org.testng.reporters.JUnitReportReporter -->
<testsuite hostname="DESKTOP-F486645" failures="0" tests="3" name="A_PRACTICES.test" time="0.032" errors="0" timestamp="2025-09-05T15:07:00 IST" skipped="0">
  <testcase classname="A_PRACTICES.test" name="test3" time="0.006"/>
  <system-out/>
  <testcase classname="A_PRACTICES.test" name="test2" time="0.003"/>
  <system-out/>
  <testcase classname="A_PRACTICES.test" name="test1" time="0.023"/>
  <system-out/>
</testsuite> <!-- A_PRACTICES.test -->
