<?xml version="1.0" encoding="UTF-8"?>
<!-- Generated by org.testng.reporters.JUnitReportReporter -->
<testsuite hostname="DESKTOP-F486645" failures="0" tests="3" name="A_PRACTICES.d" time="13.341" errors="0" timestamp="2025-11-14T11:25:04 IST" skipped="0">
  <testcase classname="A_PRACTICES.d" name="test" time="3.933"/>
  <system-out/>
  <testcase classname="A_PRACTICES.d" name="test" time="5.340"/>
  <system-out/>
  <testcase classname="A_PRACTICES.d" name="test" time="4.068"/>
  <system-out/>
</testsuite> <!-- A_PRACTICES.d -->
