<?xml version="1.0" encoding="UTF-8"?>
<!-- Generated by org.testng.reporters.JUnitReportReporter -->
<testsuite hostname="DESKTOP-F486645" failures="0" tests="3" name="DataProviderTest.dataprovider" time="0.012" errors="0" timestamp="2025-11-14T11:16:12 IST" skipped="0">
  <testcase classname="DataProviderTest.dataprovider" name="test" time="0.001"/>
  <system-out/>
  <testcase classname="DataProviderTest.dataprovider" name="test" time="0.001"/>
  <system-out/>
  <testcase classname="DataProviderTest.dataprovider" name="test" time="0.010"/>
  <system-out/>
</testsuite> <!-- DataProviderTest.dataprovider -->
