<?xml version="1.0" encoding="UTF-8"?>
<!-- Generated by org.testng.reporters.JUnitReportReporter -->
<testsuite hostname="DESKTOP-F486645" failures="0" tests="2" name="A_PRACTICES.dataprovdide" time="0.034" errors="0" timestamp="2025-06-17T15:21:32 IST" skipped="0">
  <testcase classname="A_PRACTICES.dataprovdide" name="details" time="0.032"/>
  <system-out/>
  <testcase classname="A_PRACTICES.dataprovdide" name="details" time="0.002"/>
  <system-out/>
</testsuite> <!-- A_PRACTICES.dataprovdide -->
