<?xml version="1.0" encoding="UTF-8"?>
<!-- Generated by org.testng.reporters.JUnitReportReporter -->
<testsuite hostname="DESKTOP-F486645" failures="0" tests="2" name="A_PRACTICES.Parallel_Executoin" time="7.662" errors="0" timestamp="2024-12-19T18:18:21 IST" skipped="0">
  <testcase classname="A_PRACTICES.Parallel_Executoin" name="Thread2" time="5.064"/>
  <system-out/>
  <testcase classname="A_PRACTICES.Parallel_Executoin" name="Thread1" time="2.598"/>
  <system-out/>
</testsuite> <!-- A_PRACTICES.Parallel_Executoin -->
