<?xml version="1.0" encoding="UTF-8"?>
<!-- Generated by org.testng.reporters.JUnitReportReporter -->
<testsuite hostname="DESKTOP-F486645" failures="0" tests="3" name="A_PRACTICES.ft" time="0.028" errors="0" timestamp="2025-06-17T15:27:36 IST" skipped="0">
  <testcase classname="A_PRACTICES.ft" name="test" time="0.025"/>
  <system-out/>
  <testcase classname="A_PRACTICES.ft" name="test" time="0.002"/>
  <system-out/>
  <testcase classname="A_PRACTICES.ft" name="test" time="0.001"/>
  <system-out/>
</testsuite> <!-- A_PRACTICES.ft -->
