<?xml version="1.0" encoding="UTF-8"?>
<!-- Generated by org.testng.reporters.JUnitReportReporter -->
<testsuite hostname="DESKTOP-F486645" failures="0" tests="2" name="TestNGbasicpractice.SimpleProgram" time="0.063" errors="0" timestamp="2025-08-28T15:13:28 IST" skipped="0">
  <testcase classname="TestNGbasicpractice.SimpleProgram" name="gettittle" time="0.052"/>
  <system-out/>
  <testcase classname="TestNGbasicpractice.SimpleProgram" name="geturl" time="0.011"/>
  <system-out/>
</testsuite> <!-- TestNGbasicpractice.SimpleProgram -->
