<?xml version="1.0" encoding="UTF-8"?>
<!-- Generated by org.testng.reporters.JUnitReportReporter -->
<testsuite hostname="DESKTOP-F486645" failures="0" tests="5" name="A_PRACTICES.t" time="0.053" errors="0" timestamp="2025-06-11T11:23:03 IST" skipped="0">
  <testcase classname="A_PRACTICES.t" name="b" time="0.005"/>
  <system-out/>
  <testcase classname="A_PRACTICES.t" name="b" time="0.001"/>
  <system-out/>
  <testcase classname="A_PRACTICES.t" name="b" time="0.042"/>
  <system-out/>
  <testcase classname="A_PRACTICES.t" name="b" time="0.002"/>
  <system-out/>
  <testcase classname="A_PRACTICES.t" name="a" time="0.003"/>
  <system-out/>
</testsuite> <!-- A_PRACTICES.t -->
