<?xml version="1.0" encoding="UTF-8"?>
<!-- Generated by org.testng.reporters.JUnitXMLReporter -->
<testsuite ignored="0" hostname="DESKTOP-F486645" failures="1" tests="1" name="edge browser" time="2.654" errors="0" timestamp="2025-03-21T10:46:00 IST">
  <testcase classname="ParameterizeTestCase.UsingmultiBrowser" name="multibrowser" time="2.651">
    <failure type="java.io.FileNotFoundException" message=".\TestData.config (The system cannot find the file specified)">
      <![CDATA[java.io.FileNotFoundException: .\TestData.config (The system cannot find the file specified)
at java.base/java.io.FileInputStream.open0(Native Method)
at java.base/java.io.FileInputStream.open(FileInputStream.java:213)
at java.base/java.io.FileInputStream.<init>(FileInputStream.java:152)
at java.base/java.io.FileInputStream.<init>(FileInputStream.java:106)
at ParameterizeTestCase.UsingmultiBrowser.multibrowser(UsingmultiBrowser.java:34)
at java.base/java.util.ArrayList.forEach(ArrayList.java:1597)
... Removed 25 stack frames]]>
    </failure>
  </testcase> <!-- multibrowser -->
</testsuite> <!-- edge browser -->
