<?xml version="1.0" encoding="UTF-8"?>
<!-- Generated by org.testng.reporters.JUnitXMLReporter -->
<testsuite ignored="0" hostname="DESKTOP-F486645" failures="1" tests="1" name="firefox browser" time="5.785" errors="0" timestamp="2025-04-23T15:40:00 IST">
  <testcase classname="ParameterizeTestCase.LunchMultipuleBrowser" name="loginmultiplebrowser" time="5.753">
    <failure type="java.io.FileNotFoundException" message=".\TestData.config (The system cannot find the file specified)">
      <![CDATA[java.io.FileNotFoundException: .\TestData.config (The system cannot find the file specified)
at java.base/java.io.FileInputStream.open0(Native Method)
at java.base/java.io.FileInputStream.open(FileInputStream.java:213)
at java.base/java.io.FileInputStream.<init>(FileInputStream.java:152)
at java.base/java.io.FileInputStream.<init>(FileInputStream.java:106)
at ParameterizeTestCase.LunchMultipuleBrowser.loginmultiplebrowser(LunchMultipuleBrowser.java:31)
at java.base/java.util.ArrayList.forEach(ArrayList.java:1597)
at java.base/java.util.concurrent.FutureTask.run(FutureTask.java:317)
at java.base/java.util.concurrent.ThreadPoolExecutor.runWorker(ThreadPoolExecutor.java:1144)
at java.base/java.util.concurrent.ThreadPoolExecutor$Worker.run(ThreadPoolExecutor.java:642)
at java.base/java.lang.Thread.run(Thread.java:1570)
... Removed 16 stack frames]]>
    </failure>
  </testcase> <!-- loginmultiplebrowser -->
</testsuite> <!-- firefox browser -->
