<?xml version="1.0" encoding="UTF-8"?>
<!-- Generated by org.testng.reporters.JUnitXMLReporter -->
<testsuite ignored="3" hostname="DESKTOP-F486645" failures="0" tests="3" name="GroupingTest" time="0.048" errors="0" timestamp="2024-06-05T15:16:28 IST">
  <testcase classname="GroupingTestCase.GroupTest" name="test1" time="0.012"/>
  <testcase classname="GroupingTestCase.GroupTest" name="test3" time="0.001"/>
  <testcase classname="GroupingTestCase.GroupTest" name="test5" time="0.001"/>
  <testcase classname="GroupingTestCase.GroupTest" name="test2" time="0.0">
    <ignored/>
  </testcase> <!-- test2 -->
  <testcase classname="GroupingTestCase.GroupTest" name="test6" time="0.0">
    <ignored/>
  </testcase> <!-- test6 -->
  <testcase classname="GroupingTestCase.GroupTest" name="test4" time="0.0">
    <ignored/>
  </testcase> <!-- test4 -->
</testsuite> <!-- GroupingTest -->
