<?xml version="1.0" encoding="UTF-8"?>
<!-- Generated by org.testng.reporters.JUnitXMLReporter -->
<testsuite ignored="0" hostname="DESKTOP-F486645" failures="1" tests="1" name="login test" time="0.036" errors="0" timestamp="2025-04-23T15:31:04 IST">
  <testcase classname="Data_Parameterization.With_TestNG_SuiteFile" name="login" time="0.0">
    <failure type="org.testng.TestNGException" message="
Parameter &amp;apos;usernmae&amp;apos; is required by @Test on method login but has not been marked @Optional or defined
in C:\Users\HP\git\TestNGProject1\TestNGProject\TestNGxmlfiles\TestNG_SuiteFIle.xml">
      <![CDATA[org.testng.TestNGException: 
Parameter 'usernmae' is required by @Test on method login but has not been marked @Optional or defined
in C:\Users\HP\git\TestNGProject1\TestNGProject\TestNGxmlfiles\TestNG_SuiteFIle.xml
at java.base/java.util.ArrayList.forEach(ArrayList.java:1597)
... Removed 26 stack frames]]>
    </failure>
  </testcase> <!-- login -->
</testsuite> <!-- login test -->
