<?xml version="1.0" encoding="UTF-8"?>
<!-- Generated by org.testng.reporters.JUnitXMLReporter -->
<testsuite ignored="3" hostname="DESKTOP-F486645" failures="0" tests="3" name="Test" time="0.132" errors="0" timestamp="2024-07-30T11:54:55 IST">
  <testcase classname="DependencyTest.smoketesting" name="creatuser" time="0.026"/>
  <testcase classname="DependencyTest.smoketesting" name="edituser" time="0.003"/>
  <testcase classname="DependencyTest.smoketesting" name="deletuser" time="0.002"/>
  <testcase classname="DependencyTest.smoketesting" name="creatproduct" time="0.0">
    <ignored/>
  </testcase> <!-- creatproduct -->
  <testcase classname="DependencyTest.smoketesting" name="deletproduct" time="0.0">
    <ignored/>
  </testcase> <!-- deletproduct -->
  <testcase classname="DependencyTest.smoketesting" name="editproduct" time="0.0">
    <ignored/>
  </testcase> <!-- editproduct -->
</testsuite> <!-- Test -->
