<?xml version="1.0" encoding="UTF-8"?>
<!-- Generated by org.testng.reporters.JUnitXMLReporter -->
<testsuite ignored="0" hostname="DESKTOP-F486645" failures="0" tests="4" name="Default test" time="0.108" errors="0" timestamp="2024-06-21T16:27:23 IST">
  <testcase classname="PriorityTestCases.TestPriority" name="test1" time="0.021"/>
  <testcase classname="PriorityTestCases.TestPriority" name="test2" time="0.003"/>
  <testcase classname="PriorityTestCases.TestPriority" name="test3" time="0.001"/>
  <testcase classname="PriorityTestCases.TestPriority" name="test4" time="0.003"/>
</testsuite> <!-- Default test -->
