<?xml version="1.0" encoding="UTF-8"?>
<!-- Generated by org.testng.reporters.JUnitXMLReporter -->
<testsuite ignored="1" hostname="DESKTOP-F486645" failures="0" tests="2" name="Default test" time="0.129" errors="0" timestamp="2025-01-13T12:21:08 IST">
  <testcase classname="A_PRACTICES.skipExecption" name="test1" time="0.038"/>
  <testcase classname="A_PRACTICES.skipExecption" name="test2" time="0.004">
    <skipped/>
  </testcase> <!-- test2 -->
  <testcase classname="A_PRACTICES.skipExecption" name="test3" time="0.0">
    <ignored/>
  </testcase> <!-- test3 -->
</testsuite> <!-- Default test -->
